<?xml version="1.0" encoding="UTF-8"?>
<testng-results skipped="0" failed="0" total="1" passed="1">
  <reporter-output>
  </reporter-output>
  <suite name="Default suite" duration-ms="273" started-at="2015-12-10T12:36:57Z" finished-at="2015-12-10T12:36:58Z">
    <groups>
    </groups>
    <test name="Default test" duration-ms="273" started-at="2015-12-10T12:36:57Z" finished-at="2015-12-10T12:36:58Z">
      <class name="hu.morkalla.gymproject.ejbservice.facade.TrainerFacadeImplTest">
        <test-method status="PASS" signature="setup()[pri:0, instance:hu.morkalla.gymproject.ejbservice.facade.TrainerFacadeImplTest@556e4ff1]" name="setup" is-config="true" duration-ms="195" started-at="2015-12-10T13:36:57Z" finished-at="2015-12-10T13:36:58Z">
          <reporter-output>
          </reporter-output>
        </test-method> <!-- setup -->
        <test-method status="PASS" signature="createListOfTrainerDetailsFromSubjectName()[pri:0, instance:hu.morkalla.gymproject.ejbservice.facade.TrainerFacadeImplTest@556e4ff1]" name="createListOfTrainerDetailsFromSubjectName" duration-ms="29" started-at="2015-12-10T13:36:58Z" finished-at="2015-12-10T13:36:58Z">
          <reporter-output>
          </reporter-output>
        </test-method> <!-- createListOfTrainerDetailsFromSubjectName -->
      </class> <!-- hu.morkalla.gymproject.ejbservice.facade.TrainerFacadeImplTest -->
    </test> <!-- Default test -->
  </suite> <!-- Default suite -->
</testng-results>
