<?xml version="1.0" encoding="UTF-8"?>
<testng-results skipped="0" failed="0" total="1" passed="1">
  <reporter-output>
  </reporter-output>
  <suite name="Default suite" duration-ms="441" started-at="2015-11-26T14:44:48Z" finished-at="2015-11-26T14:44:48Z">
    <groups>
    </groups>
    <test name="Default test" duration-ms="441" started-at="2015-11-26T14:44:48Z" finished-at="2015-11-26T14:44:48Z">
      <class name="hu.tram.ejbservice.facade.RentFacadeImplTest">
        <test-method status="PASS" signature="setup()[pri:0, instance:hu.tram.ejbservice.facade.RentFacadeImplTest@185b10b]" name="setup" is-config="true" duration-ms="363" started-at="2015-11-26T15:44:48Z" finished-at="2015-11-26T15:44:48Z">
          <reporter-output>
          </reporter-output>
        </test-method> <!-- setup -->
        <test-method status="PASS" signature="createListOfRentDetailsFromCustomerLoginName()[pri:0, instance:hu.tram.ejbservice.facade.RentFacadeImplTest@185b10b]" name="createListOfRentDetailsFromCustomerLoginName" duration-ms="60" started-at="2015-11-26T15:44:48Z" finished-at="2015-11-26T15:44:48Z">
          <reporter-output>
          </reporter-output>
        </test-method> <!-- createListOfRentDetailsFromCustomerLoginName -->
      </class> <!-- hu.tram.ejbservice.facade.RentFacadeImplTest -->
    </test> <!-- Default test -->
  </suite> <!-- Default suite -->
</testng-results>
